2021-06-10 18:55:07,548 INFO o.s.b.StartupInfoLogger [main] Starting SistemaWebApplication on DESKTOP-648SBJQ with PID 18044 (started by luisa in E:\Luis\UPC\Regreso\Regreso16\PP2\esta vez si\EF\Ciclo2-2020\TBF\wsp\SistemaWeb)
2021-06-10 18:55:07,559 DEBUG o.s.b.StartupInfoLogger [main] Running with Spring Boot v2.1.3.RELEASE, Spring v5.1.5.RELEASE
2021-06-10 18:55:07,560 INFO o.s.b.SpringApplication [main] No active profile set, falling back to default profiles: default
2021-06-10 18:55:07,846 DEBUG o.s.c.a.ClassPathScanningCandidateComponentProvider [main] Identified candidate component class: file [E:\Luis\UPC\Regreso\Regreso16\PP2\esta vez si\EF\Ciclo2-2020\TBF\wsp\SistemaWeb\target\classes\com\claro\sefisf\config\SistemaWebConfig.class]
2021-06-10 18:55:07,856 DEBUG o.s.c.a.ClassPathScanningCandidateComponentProvider [main] Identified candidate component class: file [E:\Luis\UPC\Regreso\Regreso16\PP2\esta vez si\EF\Ciclo2-2020\TBF\wsp\SistemaWeb\target\classes\com\claro\sefisf\controller\FactibilidadController.class]
2021-06-10 18:55:07,858 DEBUG o.s.c.a.ClassPathScanningCandidateComponentProvider [main] Ignored because not a concrete top-level class: file [E:\Luis\UPC\Regreso\Regreso16\PP2\esta vez si\EF\Ciclo2-2020\TBF\wsp\SistemaWeb\target\classes\com\claro\sefisf\dao\ServicioDao.class]
2021-06-10 18:55:07,860 DEBUG o.s.c.a.ClassPathScanningCandidateComponentProvider [main] Ignored because not a concrete top-level class: file [E:\Luis\UPC\Regreso\Regreso16\PP2\esta vez si\EF\Ciclo2-2020\TBF\wsp\SistemaWeb\target\classes\com\claro\sefisf\dao\TipDocDao.class]
2021-06-10 18:55:07,879 DEBUG o.s.c.a.ClassPathScanningCandidateComponentProvider [main] Identified candidate component class: file [E:\Luis\UPC\Regreso\Regreso16\PP2\esta vez si\EF\Ciclo2-2020\TBF\wsp\SistemaWeb\target\classes\com\claro\sefisf\service\FactibilidadServiceImpl.class]
2021-06-10 18:55:07,881 DEBUG o.s.c.a.ClassPathScanningCandidateComponentProvider [main] Identified candidate component class: file [E:\Luis\UPC\Regreso\Regreso16\PP2\esta vez si\EF\Ciclo2-2020\TBF\wsp\SistemaWeb\target\classes\com\claro\sefisf\service\SefisfServiceImpl.class]
2021-06-10 18:55:08,758 DEBUG o.s.c.a.ClassPathScanningCandidateComponentProvider [main] Identified candidate component class: file [E:\Luis\UPC\Regreso\Regreso16\PP2\esta vez si\EF\Ciclo2-2020\TBF\wsp\SistemaWeb\target\classes\com\claro\sefisf\service\FactibilidadServiceImpl.class]
2021-06-10 18:55:08,759 DEBUG o.s.c.a.ClassPathScanningCandidateComponentProvider [main] Identified candidate component class: file [E:\Luis\UPC\Regreso\Regreso16\PP2\esta vez si\EF\Ciclo2-2020\TBF\wsp\SistemaWeb\target\classes\com\claro\sefisf\service\SefisfServiceImpl.class]
2021-06-10 18:55:09,256 INFO o.s.c.s.PostProcessorRegistrationDelegate$BeanPostProcessorChecker [main] Bean 'org.springframework.transaction.annotation.ProxyTransactionManagementConfiguration' of type [org.springframework.transaction.annotation.ProxyTransactionManagementConfiguration$$EnhancerBySpringCGLIB$$f52828f5] is not eligible for getting processed by all BeanPostProcessors (for example: not eligible for auto-proxying)
2021-06-10 18:55:12,785 WARN o.s.b.a.o.j.JpaBaseConfiguration$JpaWebConfiguration$JpaWebMvcConfiguration [main] spring.jpa.open-in-view is enabled by default. Therefore, database queries may be performed during view rendering. Explicitly configure spring.jpa.open-in-view to disable this warning
2021-06-10 18:55:13,344 INFO o.s.b.StartupInfoLogger [main] Started SistemaWebApplication in 6.376 seconds (JVM running for 7.052)
2021-06-10 18:55:34,681 INFO c.c.s.c.FactibilidadController [http-nio-2041-exec-9] Entrada al método evaluarFactibilidad()
2021-06-10 18:55:34,681 INFO c.c.s.c.FactibilidadController [http-nio-2041-exec-9] direccion Avenida Los Ruiseñores, Cercado de Lima, Perú
2021-06-10 18:55:34,682 INFO c.c.s.s.FactibilidadServiceImpl [http-nio-2041-exec-9] entrada al método getInstalaciones
2021-06-10 18:55:34,682 INFO c.c.s.s.FactibilidadServiceImpl [http-nio-2041-exec-9] entrada al método getUbicacion
2021-06-10 18:55:34,682 INFO c.c.s.s.FactibilidadServiceImpl [http-nio-2041-exec-9] url de direcciones http://localhost:8024/geocode?address={address}
2021-06-10 18:55:34,682 INFO c.c.s.s.FactibilidadServiceImpl [http-nio-2041-exec-9] direccion en el service Avenida Los Ruiseñores, Cercado de Lima, Perú
2021-06-10 18:55:35,870 DEBUG c.c.s.s.FactibilidadServiceImpl [http-nio-2041-exec-9] com.claro.sefisf.model.GeocodeResult@1e4f1c36
2021-06-10 18:55:35,870 DEBUG c.c.s.s.FactibilidadServiceImpl [http-nio-2041-exec-9] com.claro.sefisf.model.GeocodeResult@1e4f1c36
2021-06-10 18:55:35,889 DEBUG c.c.s.c.FactibilidadController [http-nio-2041-exec-9] codigoResp: 0msgResp: Proceso exitosolistaUbicacion.size: 2
